This file contains any messages produced by compilers while
running configure, to aid debugging if configure makes a mistake.

It was created by GMMP_Sample configure 1.0, which was
generated by GNU Autoconf 2.69.  Invocation command line was

  $ ./configure --no-create --no-recursion

## --------- ##
## Platform. ##
## --------- ##

hostname = ChoSungkyuui-MacBook.local
uname -m = x86_64
uname -r = 16.1.0
uname -s = Darwin
uname -v = Darwin Kernel Version 16.1.0: Thu Oct 13 21:26:57 PDT 2016; root:xnu-3789.21.3~60/RELEASE_X86_64

/usr/bin/uname -p = i386
/bin/uname -X     = unknown

/bin/arch              = unknown
/usr/bin/arch -k       = unknown
/usr/convex/getsysinfo = unknown
/usr/bin/hostinfo      = Mach kernel version:
	 Darwin Kernel Version 16.1.0: Thu Oct 13 21:26:57 PDT 2016; root:xnu-3789.21.3~60/RELEASE_X86_64
Kernel configured for up to 4 processors.
2 processors are physically available.
4 processors are logically available.
Processor type: x86_64h (Intel x86-64h Haswell)
Processors active: 0 1 2 3
Primary memory available: 8.00 gigabytes
Default processor set: 357 tasks, 1702 threads, 4 processors
Load average: 1.95, Mach factor: 2.05
/bin/machine           = unknown
/usr/bin/oslevel       = unknown
/bin/universe          = unknown

PATH: /opt/local/bin
PATH: /opt/local/sbin
PATH: /usr/local/bin
PATH: /usr/bin
PATH: /bin
PATH: /usr/sbin
PATH: /sbin
PATH: /opt/X11/bin
PATH: /usr/local/CrossPack-AVR/bin
PATH: /usr/local/MacGPG2/bin
PATH: /Users/SungkyuCho/Library/Android/sdk/platform-tools


## ----------- ##
## Core tests. ##
## ----------- ##

configure:2318: checking for a BSD-compatible install
configure:2386: result: /usr/local/bin/ginstall -c
configure:2397: checking whether build environment is sane
configure:2452: result: yes
configure:2603: checking for a thread-safe mkdir -p
configure:2642: result: /usr/local/bin/gmkdir -p
configure:2649: checking for gawk
configure:2679: result: no
configure:2649: checking for mawk
configure:2679: result: no
configure:2649: checking for nawk
configure:2679: result: no
configure:2649: checking for awk
configure:2665: found /usr/bin/awk
configure:2676: result: awk
configure:2687: checking whether make sets $(MAKE)
configure:2709: result: yes
configure:2738: checking whether make supports nested variables
configure:2755: result: yes
configure:2931: checking for gcc
configure:2947: found /usr/bin/gcc
configure:2958: result: gcc
configure:3187: checking for C compiler version
configure:3196: gcc --version >&5
Apple LLVM version 8.0.0 (clang-800.0.42.1)
Target: x86_64-apple-darwin16.1.0
Thread model: posix
InstalledDir: /Applications/Xcode.app/Contents/Developer/Toolchains/XcodeDefault.xctoolchain/usr/bin
Configured with: --prefix=/Applications/Xcode.app/Contents/Developer/usr --with-gxx-include-dir=/Applications/Xcode.app/Contents/Developer/Platforms/MacOSX.platform/Developer/SDKs/MacOSX10.12.sdk/usr/include/c++/4.2.1
configure:3207: $? = 0
configure:3196: gcc -v >&5
Configured with: --prefix=/Applications/Xcode.app/Contents/Developer/usr --with-gxx-include-dir=/Applications/Xcode.app/Contents/Developer/Platforms/MacOSX.platform/Developer/SDKs/MacOSX10.12.sdk/usr/include/c++/4.2.1
Apple LLVM version 8.0.0 (clang-800.0.42.1)
Target: x86_64-apple-darwin16.1.0
Thread model: posix
InstalledDir: /Applications/Xcode.app/Contents/Developer/Toolchains/XcodeDefault.xctoolchain/usr/bin
configure:3207: $? = 0
configure:3196: gcc -V >&5
clang: error: argument to '-V' is missing (expected 1 value)
clang: error: no input files
configure:3207: $? = 1
configure:3196: gcc -qversion >&5
clang: error: unknown argument: '-qversion'
clang: error: no input files
configure:3207: $? = 1
configure:3227: checking whether the C compiler works
configure:3249: gcc    conftest.c  >&5
configure:3253: $? = 0
configure:3301: result: yes
configure:3304: checking for C compiler default output file name
configure:3306: result: a.out
configure:3312: checking for suffix of executables
configure:3319: gcc -o conftest    conftest.c  >&5
configure:3323: $? = 0
configure:3345: result: 
configure:3367: checking whether we are cross compiling
configure:3375: gcc -o conftest    conftest.c  >&5
configure:3379: $? = 0
configure:3386: ./conftest
configure:3390: $? = 0
configure:3405: result: no
configure:3410: checking for suffix of object files
configure:3432: gcc -c   conftest.c >&5
configure:3436: $? = 0
configure:3457: result: o
configure:3461: checking whether we are using the GNU C compiler
configure:3480: gcc -c   conftest.c >&5
configure:3480: $? = 0
configure:3489: result: yes
configure:3498: checking whether gcc accepts -g
configure:3518: gcc -c -g  conftest.c >&5
configure:3518: $? = 0
configure:3559: result: yes
configure:3576: checking for gcc option to accept ISO C89
configure:3639: gcc  -c -g -O2  conftest.c >&5
configure:3639: $? = 0
configure:3652: result: none needed
configure:3677: checking whether gcc understands -c and -o together
configure:3699: gcc -c conftest.c -o conftest2.o
configure:3702: $? = 0
configure:3699: gcc -c conftest.c -o conftest2.o
configure:3702: $? = 0
configure:3714: result: yes
configure:3742: checking for style of include used by make
configure:3770: result: GNU
configure:3796: checking dependency style of gcc
configure:3907: result: gcc3
configure:3953: checking build system type
configure:3967: result: x86_64-apple-darwin16.1.0
configure:3987: checking host system type
configure:4000: result: x86_64-apple-darwin16.1.0
configure:4041: checking how to print strings
configure:4068: result: printf
configure:4089: checking for a sed that does not truncate output
configure:4153: result: /usr/bin/sed
configure:4171: checking for grep that handles long lines and -e
configure:4229: result: /usr/bin/grep
configure:4234: checking for egrep
configure:4296: result: /usr/bin/grep -E
configure:4301: checking for fgrep
configure:4363: result: /usr/bin/grep -F
configure:4398: checking for ld used by gcc
configure:4465: result: /Applications/Xcode.app/Contents/Developer/Toolchains/XcodeDefault.xctoolchain/usr/bin/ld
configure:4472: checking if the linker (/Applications/Xcode.app/Contents/Developer/Toolchains/XcodeDefault.xctoolchain/usr/bin/ld) is GNU ld
configure:4487: result: no
configure:4499: checking for BSD- or MS-compatible name lister (nm)
configure:4553: result: /usr/bin/nm -B
configure:4683: checking the name lister (/usr/bin/nm -B) interface
configure:4690: gcc -c -g -O2  conftest.c >&5
configure:4693: /usr/bin/nm -B "conftest.o"
configure:4696: output
0000000000000234 S _some_variable
configure:4703: result: BSD nm
configure:4706: checking whether ln -s works
configure:4710: result: yes
configure:4718: checking the maximum length of command line arguments
configure:4849: result: 196608
configure:4897: checking how to convert x86_64-apple-darwin16.1.0 file names to x86_64-apple-darwin16.1.0 format
configure:4937: result: func_convert_file_noop
configure:4944: checking how to convert x86_64-apple-darwin16.1.0 file names to toolchain format
configure:4964: result: func_convert_file_noop
configure:4971: checking for /Applications/Xcode.app/Contents/Developer/Toolchains/XcodeDefault.xctoolchain/usr/bin/ld option to reload object files
configure:4978: result: -r
configure:5052: checking for objdump
configure:5068: found /usr/bin/objdump
configure:5079: result: objdump
configure:5111: checking how to recognize dependent libraries
configure:5311: result: pass_all
configure:5396: checking for dlltool
configure:5426: result: no
configure:5456: checking how to associate runtime and link libraries
configure:5483: result: printf %s\n
configure:5544: checking for ar
configure:5560: found /usr/bin/ar
configure:5571: result: ar
configure:5608: checking for archiver @FILE support
configure:5625: gcc -c -g -O2  conftest.c >&5
configure:5625: $? = 0
configure:5628: ar cru libconftest.a @conftest.lst >&5
ar: @conftest.lst: No such file or directory
configure:5631: $? = 1
configure:5651: result: no
configure:5709: checking for strip
configure:5725: found /usr/bin/strip
configure:5736: result: strip
configure:5808: checking for ranlib
configure:5824: found /usr/bin/ranlib
configure:5835: result: ranlib
configure:5937: checking command to parse /usr/bin/nm -B output from gcc object
configure:6090: gcc -c -g -O2  conftest.c >&5
configure:6093: $? = 0
configure:6097: /usr/bin/nm -B conftest.o \| sed -n -e 's/^.*[ ]\([BCDEGRST][BCDEGRST]*\)[ ][ ]*\([_A-Za-z][_A-Za-z0-9]*\)$/\1 \2 \2/p' | sed '/ __gnu_lto/d' \> conftest.nm
configure:6100: $? = 0
cannot find nm_test_var in conftest.nm
configure:6090: gcc -c -g -O2  conftest.c >&5
configure:6093: $? = 0
configure:6097: /usr/bin/nm -B conftest.o \| sed -n -e 's/^.*[ ]\([BCDEGRST][BCDEGRST]*\)[ ][ ]*_\([_A-Za-z][_A-Za-z0-9]*\)$/\1 _\2 \2/p' | sed '/ __gnu_lto/d' \> conftest.nm
configure:6100: $? = 0
configure:6166: gcc -o conftest -g -O2   conftest.c conftstm.o >&5
warning: (x86_64)  could not find object file symbol for symbol _main
configure:6169: $? = 0
configure:6207: result: ok
configure:6254: checking for sysroot
configure:6284: result: no
configure:6291: checking for a working dd
configure:6329: result: /bin/dd
configure:6333: checking how to truncate binary pipes
configure:6348: result: /bin/dd bs=4096 count=1
configure:6677: checking for mt
configure:6707: result: no
configure:6727: checking if : is a manifest tool
configure:6733: : '-?'
configure:6741: result: no
configure:6797: checking for dsymutil
configure:6813: found /usr/bin/dsymutil
configure:6824: result: dsymutil
configure:6889: checking for nmedit
configure:6905: found /usr/bin/nmedit
configure:6916: result: nmedit
configure:6981: checking for lipo
configure:6997: found /usr/bin/lipo
configure:7008: result: lipo
configure:7073: checking for otool
configure:7089: found /usr/bin/otool
configure:7100: result: otool
configure:7165: checking for otool64
configure:7195: result: no
configure:7240: checking for -single_module linker flag
gcc -g -O2  -o libconftest.dylib -dynamiclib -Wl,-single_module conftest.c
configure:7273: result: yes
configure:7276: checking for -exported_symbols_list linker flag
configure:7296: gcc -o conftest -g -O2   -Wl,-exported_symbols_list,conftest.sym conftest.c  >&5
configure:7296: $? = 0
configure:7306: result: yes
configure:7309: checking for -force_load linker flag
gcc -g -O2 -c -o conftest.o conftest.c
ar cru libconftest.a conftest.o
ranlib libconftest.a
gcc -g -O2  -o conftest conftest.c -Wl,-force_load,./libconftest.a
configure:7341: result: yes
configure:7418: checking how to run the C preprocessor
configure:7449: gcc -E  conftest.c
configure:7449: $? = 0
configure:7463: gcc -E  conftest.c
conftest.c:11:10: fatal error: 'ac_nonexistent.h' file not found
#include <ac_nonexistent.h>
         ^
1 error generated.
configure:7463: $? = 1
configure: failed program was:
| /* confdefs.h */
| #define PACKAGE_NAME "GMMP_Sample"
| #define PACKAGE_TARNAME "gmmp_sample"
| #define PACKAGE_VERSION "1.0"
| #define PACKAGE_STRING "GMMP_Sample 1.0"
| #define PACKAGE_BUGREPORT "kkim@securityplatform.co.kr"
| #define PACKAGE_URL ""
| #define PACKAGE "gmmp_sample"
| #define VERSION "1.0"
| /* end confdefs.h.  */
| #include <ac_nonexistent.h>
configure:7488: result: gcc -E
configure:7508: gcc -E  conftest.c
configure:7508: $? = 0
configure:7522: gcc -E  conftest.c
conftest.c:11:10: fatal error: 'ac_nonexistent.h' file not found
#include <ac_nonexistent.h>
         ^
1 error generated.
configure:7522: $? = 1
configure: failed program was:
| /* confdefs.h */
| #define PACKAGE_NAME "GMMP_Sample"
| #define PACKAGE_TARNAME "gmmp_sample"
| #define PACKAGE_VERSION "1.0"
| #define PACKAGE_STRING "GMMP_Sample 1.0"
| #define PACKAGE_BUGREPORT "kkim@securityplatform.co.kr"
| #define PACKAGE_URL ""
| #define PACKAGE "gmmp_sample"
| #define VERSION "1.0"
| /* end confdefs.h.  */
| #include <ac_nonexistent.h>
configure:7551: checking for ANSI C header files
configure:7571: gcc -c -g -O2  conftest.c >&5
configure:7571: $? = 0
configure:7644: gcc -o conftest -g -O2   conftest.c  >&5
configure:7644: $? = 0
configure:7644: ./conftest
configure:7644: $? = 0
configure:7655: result: yes
configure:7668: checking for sys/types.h
configure:7668: gcc -c -g -O2  conftest.c >&5
configure:7668: $? = 0
configure:7668: result: yes
configure:7668: checking for sys/stat.h
configure:7668: gcc -c -g -O2  conftest.c >&5
configure:7668: $? = 0
configure:7668: result: yes
configure:7668: checking for stdlib.h
configure:7668: gcc -c -g -O2  conftest.c >&5
configure:7668: $? = 0
configure:7668: result: yes
configure:7668: checking for string.h
configure:7668: gcc -c -g -O2  conftest.c >&5
configure:7668: $? = 0
configure:7668: result: yes
configure:7668: checking for memory.h
configure:7668: gcc -c -g -O2  conftest.c >&5
configure:7668: $? = 0
configure:7668: result: yes
configure:7668: checking for strings.h
configure:7668: gcc -c -g -O2  conftest.c >&5
configure:7668: $? = 0
configure:7668: result: yes
configure:7668: checking for inttypes.h
configure:7668: gcc -c -g -O2  conftest.c >&5
configure:7668: $? = 0
configure:7668: result: yes
configure:7668: checking for stdint.h
configure:7668: gcc -c -g -O2  conftest.c >&5
configure:7668: $? = 0
configure:7668: result: yes
configure:7668: checking for unistd.h
configure:7668: gcc -c -g -O2  conftest.c >&5
configure:7668: $? = 0
configure:7668: result: yes
configure:7682: checking for dlfcn.h
configure:7682: gcc -c -g -O2  conftest.c >&5
configure:7682: $? = 0
configure:7682: result: yes
configure:7938: checking for objdir
configure:7953: result: .libs
configure:8217: checking if gcc supports -fno-rtti -fno-exceptions
configure:8235: gcc -c -g -O2  -fno-rtti -fno-exceptions conftest.c >&5
configure:8239: $? = 0
configure:8252: result: yes
configure:8610: checking for gcc option to produce PIC
configure:8617: result: -fno-common -DPIC
configure:8625: checking if gcc PIC flag -fno-common -DPIC works
configure:8643: gcc -c -g -O2  -fno-common -DPIC -DPIC conftest.c >&5
configure:8647: $? = 0
configure:8660: result: yes
configure:8689: checking if gcc static flag -static works
configure:8717: result: no
configure:8732: checking if gcc supports -c -o file.o
configure:8753: gcc -c -g -O2  -o out/conftest2.o conftest.c >&5
configure:8757: $? = 0
configure:8779: result: yes
configure:8787: checking if gcc supports -c -o file.o
configure:8834: result: yes
configure:8867: checking whether the gcc linker (/Applications/Xcode.app/Contents/Developer/Toolchains/XcodeDefault.xctoolchain/usr/bin/ld) supports shared libraries
configure:10126: result: yes
configure:10366: checking dynamic linker characteristics
configure:11184: result: darwin16.1.0 dyld
configure:11306: checking how to hardcode library paths into programs
configure:11331: result: immediate
configure:11879: checking whether stripping libraries is possible
configure:11893: result: yes
configure:11919: checking if libtool supports shared libraries
configure:11921: result: yes
configure:11924: checking whether to build shared libraries
configure:11949: result: yes
configure:11952: checking whether to build static libraries
configure:11956: result: yes
configure:11995: checking for library containing floor
configure:12026: gcc -o conftest -g -O2   conftest.c  >&5
conftest.c:30:6: warning: incompatible redeclaration of library function 'floor' [-Wincompatible-library-redeclaration]
char floor ();
     ^
conftest.c:30:6: note: 'floor' is a builtin with type 'double (double)'
1 warning generated.
configure:12026: $? = 0
configure:12043: result: none required
configure:12056: checking for library containing pthread_create
configure:12087: gcc -o conftest -g -O2   conftest.c  >&5
configure:12087: $? = 0
configure:12104: result: none required
configure:12117: checking for library containing timer_create
configure:12148: gcc -o conftest -g -O2   conftest.c  >&5
Undefined symbols for architecture x86_64:
  "_timer_create", referenced from:
      _main in conftest-76dd8c.o
ld: symbol(s) not found for architecture x86_64
clang: error: linker command failed with exit code 1 (use -v to see invocation)
configure:12148: $? = 1
configure: failed program was:
| /* confdefs.h */
| #define PACKAGE_NAME "GMMP_Sample"
| #define PACKAGE_TARNAME "gmmp_sample"
| #define PACKAGE_VERSION "1.0"
| #define PACKAGE_STRING "GMMP_Sample 1.0"
| #define PACKAGE_BUGREPORT "kkim@securityplatform.co.kr"
| #define PACKAGE_URL ""
| #define PACKAGE "gmmp_sample"
| #define VERSION "1.0"
| #define STDC_HEADERS 1
| #define HAVE_SYS_TYPES_H 1
| #define HAVE_SYS_STAT_H 1
| #define HAVE_STDLIB_H 1
| #define HAVE_STRING_H 1
| #define HAVE_MEMORY_H 1
| #define HAVE_STRINGS_H 1
| #define HAVE_INTTYPES_H 1
| #define HAVE_STDINT_H 1
| #define HAVE_UNISTD_H 1
| #define HAVE_DLFCN_H 1
| #define LT_OBJDIR ".libs/"
| /* end confdefs.h.  */
| 
| /* Override any GCC internal prototype to avoid an error.
|    Use char because int might match the return type of a GCC
|    builtin and then its argument prototype would still apply.  */
| #ifdef __cplusplus
| extern "C"
| #endif
| char timer_create ();
| int
| main ()
| {
| return timer_create ();
|   ;
|   return 0;
| }
configure:12148: gcc -o conftest -g -O2   conftest.c -lrt   >&5
ld: library not found for -lrt
clang: error: linker command failed with exit code 1 (use -v to see invocation)
configure:12148: $? = 1
configure: failed program was:
| /* confdefs.h */
| #define PACKAGE_NAME "GMMP_Sample"
| #define PACKAGE_TARNAME "gmmp_sample"
| #define PACKAGE_VERSION "1.0"
| #define PACKAGE_STRING "GMMP_Sample 1.0"
| #define PACKAGE_BUGREPORT "kkim@securityplatform.co.kr"
| #define PACKAGE_URL ""
| #define PACKAGE "gmmp_sample"
| #define VERSION "1.0"
| #define STDC_HEADERS 1
| #define HAVE_SYS_TYPES_H 1
| #define HAVE_SYS_STAT_H 1
| #define HAVE_STDLIB_H 1
| #define HAVE_STRING_H 1
| #define HAVE_MEMORY_H 1
| #define HAVE_STRINGS_H 1
| #define HAVE_INTTYPES_H 1
| #define HAVE_STDINT_H 1
| #define HAVE_UNISTD_H 1
| #define HAVE_DLFCN_H 1
| #define LT_OBJDIR ".libs/"
| /* end confdefs.h.  */
| 
| /* Override any GCC internal prototype to avoid an error.
|    Use char because int might match the return type of a GCC
|    builtin and then its argument prototype would still apply.  */
| #ifdef __cplusplus
| extern "C"
| #endif
| char timer_create ();
| int
| main ()
| {
| return timer_create ();
|   ;
|   return 0;
| }
configure:12165: result: no
configure:12173: error: unable to find timer_create() function

## ---------------- ##
## Cache variables. ##
## ---------------- ##

ac_cv_build=x86_64-apple-darwin16.1.0
ac_cv_c_compiler_gnu=yes
ac_cv_env_CC_set=
ac_cv_env_CC_value=
ac_cv_env_CFLAGS_set=
ac_cv_env_CFLAGS_value=
ac_cv_env_CPPFLAGS_set=
ac_cv_env_CPPFLAGS_value=
ac_cv_env_CPP_set=
ac_cv_env_CPP_value=
ac_cv_env_LDFLAGS_set=
ac_cv_env_LDFLAGS_value=
ac_cv_env_LIBS_set=
ac_cv_env_LIBS_value=
ac_cv_env_LT_SYS_LIBRARY_PATH_set=
ac_cv_env_LT_SYS_LIBRARY_PATH_value=
ac_cv_env_build_alias_set=
ac_cv_env_build_alias_value=
ac_cv_env_host_alias_set=
ac_cv_env_host_alias_value=
ac_cv_env_target_alias_set=
ac_cv_env_target_alias_value=
ac_cv_header_dlfcn_h=yes
ac_cv_header_inttypes_h=yes
ac_cv_header_memory_h=yes
ac_cv_header_stdc=yes
ac_cv_header_stdint_h=yes
ac_cv_header_stdlib_h=yes
ac_cv_header_string_h=yes
ac_cv_header_strings_h=yes
ac_cv_header_sys_stat_h=yes
ac_cv_header_sys_types_h=yes
ac_cv_header_unistd_h=yes
ac_cv_host=x86_64-apple-darwin16.1.0
ac_cv_objext=o
ac_cv_path_EGREP='/usr/bin/grep -E'
ac_cv_path_FGREP='/usr/bin/grep -F'
ac_cv_path_GREP=/usr/bin/grep
ac_cv_path_SED=/usr/bin/sed
ac_cv_path_install='/usr/local/bin/ginstall -c'
ac_cv_path_lt_DD=/bin/dd
ac_cv_path_mkdir=/usr/local/bin/gmkdir
ac_cv_prog_AWK=awk
ac_cv_prog_CPP='gcc -E'
ac_cv_prog_ac_ct_AR=ar
ac_cv_prog_ac_ct_CC=gcc
ac_cv_prog_ac_ct_DSYMUTIL=dsymutil
ac_cv_prog_ac_ct_LIPO=lipo
ac_cv_prog_ac_ct_NMEDIT=nmedit
ac_cv_prog_ac_ct_OBJDUMP=objdump
ac_cv_prog_ac_ct_OTOOL=otool
ac_cv_prog_ac_ct_RANLIB=ranlib
ac_cv_prog_ac_ct_STRIP=strip
ac_cv_prog_cc_c89=
ac_cv_prog_cc_g=yes
ac_cv_prog_make_make_set=yes
ac_cv_search_floor='none required'
ac_cv_search_pthread_create='none required'
ac_cv_search_timer_create=no
am_cv_CC_dependencies_compiler_type=gcc3
am_cv_make_support_nested_variables=yes
am_cv_prog_cc_c_o=yes
lt_cv_apple_cc_single_mod=yes
lt_cv_ar_at_file=no
lt_cv_deplibs_check_method=pass_all
lt_cv_file_magic_cmd='$MAGIC_CMD'
lt_cv_file_magic_test_file=
lt_cv_ld_exported_symbols_list=yes
lt_cv_ld_force_load=yes
lt_cv_ld_reload_flag=-r
lt_cv_nm_interface='BSD nm'
lt_cv_objdir=.libs
lt_cv_path_LD=/Applications/Xcode.app/Contents/Developer/Toolchains/XcodeDefault.xctoolchain/usr/bin/ld
lt_cv_path_NM='/usr/bin/nm -B'
lt_cv_path_mainfest_tool=no
lt_cv_prog_compiler_c_o=yes
lt_cv_prog_compiler_pic='-fno-common -DPIC'
lt_cv_prog_compiler_pic_works=yes
lt_cv_prog_compiler_rtti_exceptions=yes
lt_cv_prog_compiler_static_works=no
lt_cv_prog_gnu_ld=no
lt_cv_sharedlib_from_linklib_cmd='printf %s\n'
lt_cv_sys_global_symbol_pipe='sed -n -e '\''s/^.*[	 ]\([BCDEGRST][BCDEGRST]*\)[	 ][	 ]*_\([_A-Za-z][_A-Za-z0-9]*\)$/\1 _\2 \2/p'\'' | sed '\''/ __gnu_lto/d'\'''
lt_cv_sys_global_symbol_to_c_name_address='sed -n -e '\''s/^: \(.*\) .*$/  {"\1", (void *) 0},/p'\'' -e '\''s/^[BCDEGRST][BCDEGRST]* .* \(.*\)$/  {"\1", (void *) \&\1},/p'\'''
lt_cv_sys_global_symbol_to_c_name_address_lib_prefix='sed -n -e '\''s/^: \(.*\) .*$/  {"\1", (void *) 0},/p'\'' -e '\''s/^[BCDEGRST][BCDEGRST]* .* \(lib.*\)$/  {"\1", (void *) \&\1},/p'\'' -e '\''s/^[BCDEGRST][BCDEGRST]* .* \(.*\)$/  {"lib\1", (void *) \&\1},/p'\'''
lt_cv_sys_global_symbol_to_cdecl='sed -n -e '\''s/^T .* \(.*\)$/extern int \1();/p'\'' -e '\''s/^[BCDEGRST][BCDEGRST]* .* \(.*\)$/extern char \1;/p'\'''
lt_cv_sys_global_symbol_to_import=
lt_cv_sys_max_cmd_len=196608
lt_cv_to_host_file_cmd=func_convert_file_noop
lt_cv_to_tool_file_cmd=func_convert_file_noop
lt_cv_truncate_bin='/bin/dd bs=4096 count=1'

## ----------------- ##
## Output variables. ##
## ----------------- ##

ACLOCAL='${SHELL} /Users/SungkyuCho/works/remote_attestation_crypto_lib/_src/cryptolib/Sample_Registration_Encryption/missing aclocal-1.15'
AMDEPBACKSLASH='\'
AMDEP_FALSE='#'
AMDEP_TRUE=''
AMTAR='$${TAR-tar}'
AM_BACKSLASH='\'
AM_DEFAULT_V='$(AM_DEFAULT_VERBOSITY)'
AM_DEFAULT_VERBOSITY='1'
AM_V='$(V)'
AR='ar'
AUTOCONF='${SHELL} /Users/SungkyuCho/works/remote_attestation_crypto_lib/_src/cryptolib/Sample_Registration_Encryption/missing autoconf'
AUTOHEADER='${SHELL} /Users/SungkyuCho/works/remote_attestation_crypto_lib/_src/cryptolib/Sample_Registration_Encryption/missing autoheader'
AUTOMAKE='${SHELL} /Users/SungkyuCho/works/remote_attestation_crypto_lib/_src/cryptolib/Sample_Registration_Encryption/missing automake-1.15'
AWK='awk'
CC='gcc'
CCDEPMODE='depmode=gcc3'
CFLAGS='-g -O2'
CPP='gcc -E'
CPPFLAGS=''
CYGPATH_W='echo'
DEFS=''
DEPDIR='.deps'
DLLTOOL='false'
DOXYGEN=''
DSYMUTIL='dsymutil'
DUMPBIN=''
ECHO_C='\c'
ECHO_N=''
ECHO_T=''
EGREP='/usr/bin/grep -E'
EXEEXT=''
FGREP='/usr/bin/grep -F'
GREP='/usr/bin/grep'
HAVE_DOXYGEN_FALSE=''
HAVE_DOXYGEN_TRUE=''
INSTALL_DATA='${INSTALL} -m 644'
INSTALL_PROGRAM='${INSTALL}'
INSTALL_SCRIPT='${INSTALL}'
INSTALL_STRIP_PROGRAM='$(install_sh) -c -s'
LD='/Applications/Xcode.app/Contents/Developer/Toolchains/XcodeDefault.xctoolchain/usr/bin/ld'
LDFLAGS=''
LIBOBJS=''
LIBS=''
LIBTOOL='$(SHELL) $(top_builddir)/libtool'
LIPO='lipo'
LN_S='ln -s'
LTLIBOBJS=''
LT_SYS_LIBRARY_PATH=''
MAKEINFO='${SHELL} /Users/SungkyuCho/works/remote_attestation_crypto_lib/_src/cryptolib/Sample_Registration_Encryption/missing makeinfo'
MANIFEST_TOOL=':'
MKDIR_P='/usr/local/bin/gmkdir -p'
NM='/usr/bin/nm -B'
NMEDIT='nmedit'
OBJDUMP='objdump'
OBJEXT='o'
OTOOL64=':'
OTOOL='otool'
PACKAGE='gmmp_sample'
PACKAGE_BUGREPORT='kkim@securityplatform.co.kr'
PACKAGE_NAME='GMMP_Sample'
PACKAGE_STRING='GMMP_Sample 1.0'
PACKAGE_TARNAME='gmmp_sample'
PACKAGE_URL=''
PACKAGE_VERSION='1.0'
PATH_SEPARATOR=':'
RANLIB='ranlib'
SED='/usr/bin/sed'
SET_MAKE=''
SHELL='/bin/sh'
STRIP='strip'
VERSION='1.0'
ac_ct_AR='ar'
ac_ct_CC='gcc'
ac_ct_DUMPBIN=''
am__EXEEXT_FALSE=''
am__EXEEXT_TRUE=''
am__fastdepCC_FALSE='#'
am__fastdepCC_TRUE=''
am__include='include'
am__isrc=''
am__leading_dot='.'
am__nodep='_no'
am__quote=''
am__tar='$${TAR-tar} chof - "$$tardir"'
am__untar='$${TAR-tar} xf -'
bindir='${exec_prefix}/bin'
build='x86_64-apple-darwin16.1.0'
build_alias=''
build_cpu='x86_64'
build_os='darwin16.1.0'
build_vendor='apple'
datadir='${datarootdir}'
datarootdir='${prefix}/share'
docdir='${datarootdir}/doc/${PACKAGE_TARNAME}'
dvidir='${docdir}'
exec_prefix='NONE'
host='x86_64-apple-darwin16.1.0'
host_alias=''
host_cpu='x86_64'
host_os='darwin16.1.0'
host_vendor='apple'
htmldir='${docdir}'
includedir='${prefix}/include'
infodir='${datarootdir}/info'
install_sh='${SHELL} /Users/SungkyuCho/works/remote_attestation_crypto_lib/_src/cryptolib/Sample_Registration_Encryption/install-sh'
libdir='${exec_prefix}/lib'
libexecdir='${exec_prefix}/libexec'
localedir='${datarootdir}/locale'
localstatedir='${prefix}/var'
mandir='${datarootdir}/man'
mkdir_p='$(MKDIR_P)'
oldincludedir='/usr/include'
pdfdir='${docdir}'
prefix='NONE'
program_transform_name='s,x,x,'
psdir='${docdir}'
sbindir='${exec_prefix}/sbin'
sharedstatedir='${prefix}/com'
sysconfdir='${prefix}/etc'
target_alias=''

## ----------- ##
## confdefs.h. ##
## ----------- ##

/* confdefs.h */
#define PACKAGE_NAME "GMMP_Sample"
#define PACKAGE_TARNAME "gmmp_sample"
#define PACKAGE_VERSION "1.0"
#define PACKAGE_STRING "GMMP_Sample 1.0"
#define PACKAGE_BUGREPORT "kkim@securityplatform.co.kr"
#define PACKAGE_URL ""
#define PACKAGE "gmmp_sample"
#define VERSION "1.0"
#define STDC_HEADERS 1
#define HAVE_SYS_TYPES_H 1
#define HAVE_SYS_STAT_H 1
#define HAVE_STDLIB_H 1
#define HAVE_STRING_H 1
#define HAVE_MEMORY_H 1
#define HAVE_STRINGS_H 1
#define HAVE_INTTYPES_H 1
#define HAVE_STDINT_H 1
#define HAVE_UNISTD_H 1
#define HAVE_DLFCN_H 1
#define LT_OBJDIR ".libs/"

configure: exit 1
